<?xml version="1.0" encoding="UTF-8"?>
<testng-results ignored="0" total="7" passed="6" failed="1" skipped="0">
  <reporter-output>
  </reporter-output>
  <suite started-at="2024-08-04T19:29:37 IST" name="Suite" finished-at="2024-08-04T19:30:43 IST" duration-ms="65976">
    <groups>
    </groups>
    <test started-at="2024-08-04T19:29:37 IST" name="Test" finished-at="2024-08-04T19:30:43 IST" duration-ms="65976">
      <class name="com.paramount.tests.Register">
        <test-method is-config="true" signature="setup()[pri:0, instance:com.paramount.tests.Register@173ed316]" started-at="2024-08-04T19:29:37 IST" name="setup" finished-at="2024-08-04T19:29:46 IST" duration-ms="8681" status="PASS">
          <reporter-output>
          </reporter-output>
        </test-method> <!-- setup -->
        <test-method signature="verifyRegisteringAccountWithAllFields()[pri:0, instance:com.paramount.tests.Register@173ed316]" started-at="2024-08-04T19:29:46 IST" name="verifyRegisteringAccountWithAllFields" finished-at="2024-08-04T19:29:48 IST" duration-ms="1732" status="FAIL">
          <exception class="java.lang.AssertionError">
            <message>
              <![CDATA[Text is not matching expected [Your Account Has Been Created!] but found [Register Account]]]>
            </message>
            <full-stacktrace>
              <![CDATA[java.lang.AssertionError: Text is not matching expected [Your Account Has Been Created!] but found [Register Account]
at org.testng.Assert.fail(Assert.java:111)
at org.testng.Assert.failNotEquals(Assert.java:1578)
at org.testng.Assert.assertEqualsImpl(Assert.java:150)
at org.testng.Assert.assertEquals(Assert.java:132)
at org.testng.Assert.assertEquals(Assert.java:656)
at com.paramount.tests.Register.verifyRegisteringAccountWithAllFields(Register.java:54)
at java.base/jdk.internal.reflect.NativeMethodAccessorImpl.invoke0(Native Method)
at java.base/jdk.internal.reflect.NativeMethodAccessorImpl.invoke(NativeMethodAccessorImpl.java:77)
at java.base/jdk.internal.reflect.DelegatingMethodAccessorImpl.invoke(DelegatingMethodAccessorImpl.java:43)
at java.base/java.lang.reflect.Method.invoke(Method.java:568)
at org.testng.internal.invokers.MethodInvocationHelper.invokeMethod(MethodInvocationHelper.java:139)
at org.testng.internal.invokers.TestInvoker.invokeMethod(TestInvoker.java:664)
at org.testng.internal.invokers.TestInvoker.invokeTestMethod(TestInvoker.java:228)
at org.testng.internal.invokers.MethodRunner.runInSequence(MethodRunner.java:63)
at org.testng.internal.invokers.TestInvoker$MethodInvocationAgent.invoke(TestInvoker.java:961)
at org.testng.internal.invokers.TestInvoker.invokeTestMethods(TestInvoker.java:201)
at org.testng.internal.invokers.TestMethodWorker.invokeTestMethods(TestMethodWorker.java:148)
at org.testng.internal.invokers.TestMethodWorker.run(TestMethodWorker.java:128)
at java.base/java.util.ArrayList.forEach(ArrayList.java:1511)
at org.testng.TestRunner.privateRun(TestRunner.java:819)
at org.testng.TestRunner.run(TestRunner.java:619)
at org.testng.SuiteRunner.runTest(SuiteRunner.java:443)
at org.testng.SuiteRunner.runSequentially(SuiteRunner.java:437)
at org.testng.SuiteRunner.privateRun(SuiteRunner.java:397)
at org.testng.SuiteRunner.run(SuiteRunner.java:336)
at org.testng.SuiteRunnerWorker.runSuite(SuiteRunnerWorker.java:52)
at org.testng.SuiteRunnerWorker.run(SuiteRunnerWorker.java:95)
at org.testng.TestNG.runSuitesSequentially(TestNG.java:1301)
at org.testng.TestNG.runSuitesLocally(TestNG.java:1228)
at org.testng.TestNG.runSuites(TestNG.java:1134)
at org.testng.TestNG.run(TestNG.java:1101)
at org.testng.remote.AbstractRemoteTestNG.run(AbstractRemoteTestNG.java:115)
at org.testng.remote.RemoteTestNG.initAndRun(RemoteTestNG.java:251)
at org.testng.remote.RemoteTestNG.main(RemoteTestNG.java:77)
]]>
            </full-stacktrace>
          </exception> <!-- java.lang.AssertionError -->
          <reporter-output>
          </reporter-output>
        </test-method> <!-- verifyRegisteringAccountWithAllFields -->
        <test-method is-config="true" signature="teaDown()[pri:0, instance:com.paramount.tests.Register@173ed316]" started-at="2024-08-04T19:29:48 IST" name="teaDown" finished-at="2024-08-04T19:29:48 IST" duration-ms="316" status="PASS">
          <reporter-output>
          </reporter-output>
        </test-method> <!-- teaDown -->
        <test-method is-config="true" signature="setup()[pri:0, instance:com.paramount.tests.Register@173ed316]" started-at="2024-08-04T19:29:48 IST" name="setup" finished-at="2024-08-04T19:29:56 IST" duration-ms="8061" status="PASS">
          <reporter-output>
          </reporter-output>
        </test-method> <!-- setup -->
        <test-method signature="verifyRegisteringAccountWithDuplicateEmail()[pri:0, instance:com.paramount.tests.Register@173ed316]" started-at="2024-08-04T19:29:56 IST" name="verifyRegisteringAccountWithDuplicateEmail" finished-at="2024-08-04T19:29:58 IST" duration-ms="1724" status="PASS">
          <reporter-output>
          </reporter-output>
        </test-method> <!-- verifyRegisteringAccountWithDuplicateEmail -->
        <test-method is-config="true" signature="teaDown()[pri:0, instance:com.paramount.tests.Register@173ed316]" started-at="2024-08-04T19:29:58 IST" name="teaDown" finished-at="2024-08-04T19:29:58 IST" duration-ms="272" status="PASS">
          <reporter-output>
          </reporter-output>
        </test-method> <!-- teaDown -->
        <test-method is-config="true" signature="setup()[pri:0, instance:com.paramount.tests.Register@173ed316]" started-at="2024-08-04T19:29:58 IST" name="setup" finished-at="2024-08-04T19:30:06 IST" duration-ms="7709" status="PASS">
          <reporter-output>
          </reporter-output>
        </test-method> <!-- setup -->
        <test-method signature="verifyRegisteringAccountWithMandatoryFields()[pri:0, instance:com.paramount.tests.Register@173ed316]" started-at="2024-08-04T19:30:06 IST" name="verifyRegisteringAccountWithMandatoryFields" finished-at="2024-08-04T19:30:10 IST" duration-ms="4318" status="PASS">
          <reporter-output>
          </reporter-output>
        </test-method> <!-- verifyRegisteringAccountWithMandatoryFields -->
        <test-method is-config="true" signature="teaDown()[pri:0, instance:com.paramount.tests.Register@173ed316]" started-at="2024-08-04T19:30:10 IST" name="teaDown" finished-at="2024-08-04T19:30:10 IST" duration-ms="273" status="PASS">
          <reporter-output>
          </reporter-output>
        </test-method> <!-- teaDown -->
      </class> <!-- com.paramount.tests.Register -->
      <class name="com.paramount.tests.Login">
        <test-method is-config="true" signature="setup()[pri:0, instance:com.paramount.tests.Login@5b218417]" started-at="2024-08-04T19:30:10 IST" name="setup" finished-at="2024-08-04T19:30:14 IST" duration-ms="4131" status="PASS">
          <reporter-output>
          </reporter-output>
        </test-method> <!-- setup -->
        <test-method signature="verifyLoginWithValidCredentials()[pri:1, instance:com.paramount.tests.Login@5b218417]" started-at="2024-08-04T19:30:14 IST" name="verifyLoginWithValidCredentials" finished-at="2024-08-04T19:30:16 IST" duration-ms="1247" status="PASS">
          <reporter-output>
          </reporter-output>
        </test-method> <!-- verifyLoginWithValidCredentials -->
        <test-method is-config="true" signature="tearDown()[pri:0, instance:com.paramount.tests.Login@5b218417]" started-at="2024-08-04T19:30:16 IST" name="tearDown" finished-at="2024-08-04T19:30:16 IST" duration-ms="356" status="PASS">
          <reporter-output>
          </reporter-output>
        </test-method> <!-- tearDown -->
        <test-method is-config="true" signature="setup()[pri:0, instance:com.paramount.tests.Login@5b218417]" started-at="2024-08-04T19:30:16 IST" name="setup" finished-at="2024-08-04T19:30:20 IST" duration-ms="3845" status="PASS">
          <reporter-output>
          </reporter-output>
        </test-method> <!-- setup -->
        <test-method signature="verifyLoginWithInvalidCredentials()[pri:2, instance:com.paramount.tests.Login@5b218417]" started-at="2024-08-04T19:30:20 IST" name="verifyLoginWithInvalidCredentials" finished-at="2024-08-04T19:30:31 IST" duration-ms="11276" status="PASS">
          <reporter-output>
          </reporter-output>
        </test-method> <!-- verifyLoginWithInvalidCredentials -->
        <test-method is-config="true" signature="tearDown()[pri:0, instance:com.paramount.tests.Login@5b218417]" started-at="2024-08-04T19:30:31 IST" name="tearDown" finished-at="2024-08-04T19:30:32 IST" duration-ms="423" status="PASS">
          <reporter-output>
          </reporter-output>
        </test-method> <!-- tearDown -->
        <test-method is-config="true" signature="setup()[pri:0, instance:com.paramount.tests.Login@5b218417]" started-at="2024-08-04T19:30:32 IST" name="setup" finished-at="2024-08-04T19:30:36 IST" duration-ms="4167" status="PASS">
          <reporter-output>
          </reporter-output>
        </test-method> <!-- setup -->
        <test-method signature="verifyLoginWithInvalidUsername()[pri:3, instance:com.paramount.tests.Login@5b218417]" started-at="2024-08-04T19:30:36 IST" name="verifyLoginWithInvalidUsername" finished-at="2024-08-04T19:30:37 IST" duration-ms="1203" status="PASS">
          <reporter-output>
          </reporter-output>
        </test-method> <!-- verifyLoginWithInvalidUsername -->
        <test-method is-config="true" signature="tearDown()[pri:0, instance:com.paramount.tests.Login@5b218417]" started-at="2024-08-04T19:30:37 IST" name="tearDown" finished-at="2024-08-04T19:30:37 IST" duration-ms="310" status="PASS">
          <reporter-output>
          </reporter-output>
        </test-method> <!-- tearDown -->
        <test-method is-config="true" signature="setup()[pri:0, instance:com.paramount.tests.Login@5b218417]" started-at="2024-08-04T19:30:37 IST" name="setup" finished-at="2024-08-04T19:30:41 IST" duration-ms="3956" status="PASS">
          <reporter-output>
          </reporter-output>
        </test-method> <!-- setup -->
        <test-method signature="verifyLoginWithInvalidPassword()[pri:4, instance:com.paramount.tests.Login@5b218417]" started-at="2024-08-04T19:30:41 IST" name="verifyLoginWithInvalidPassword" finished-at="2024-08-04T19:30:42 IST" duration-ms="1250" status="PASS">
          <reporter-output>
          </reporter-output>
        </test-method> <!-- verifyLoginWithInvalidPassword -->
        <test-method is-config="true" signature="tearDown()[pri:0, instance:com.paramount.tests.Login@5b218417]" started-at="2024-08-04T19:30:42 IST" name="tearDown" finished-at="2024-08-04T19:30:43 IST" duration-ms="277" status="PASS">
          <reporter-output>
          </reporter-output>
        </test-method> <!-- tearDown -->
      </class> <!-- com.paramount.tests.Login -->
    </test> <!-- Test -->
  </suite> <!-- Suite -->
</testng-results>
